2025-06-03 09:08:54,499 - test_report - INFO - Starting test report execution
2025-06-03 09:08:54,500 - test_report - INFO - Initializing WhiteList class
2025-06-03 09:08:54,500 - test_report - INFO - WhiteList initialized successfully
2025-06-03 09:08:54,500 - test_report - INFO - Initializing report creation
2025-06-03 09:08:54,500 - test_report - INFO - Starting whitelist download process
2025-06-03 09:08:54,501 - test_report - INFO - Starting whitelist repository download
2025-06-03 09:08:54,704 - test_report - INFO - Whitelist repository downloaded successfully to whitelist_repo.zip
2025-06-03 09:08:54,734 - test_report - INFO - Extracting whitelist repository to repository
2025-06-03 09:08:54,737 - test_report - INFO - Whitelist repository extracted successfully
2025-06-03 09:08:54,738 - test_report - INFO - Whitelist download process completed successfully
2025-06-03 09:08:54,738 - test_report - INFO - Whitelists downloaded successfully
2025-06-03 09:08:54,739 - test_report - INFO - Initializing CreateReport class
2025-06-03 09:08:54,740 - test_report - INFO - Initializing WhiteList class
2025-06-03 09:08:54,741 - test_report - INFO - WhiteList initialized successfully
2025-06-03 09:08:54,741 - test_report - INFO - CreateReport initialized successfully
2025-06-03 09:08:54,742 - test_report - INFO - Initializing CreatePage class
2025-06-03 09:08:54,742 - test_report - INFO - CreatePage initialized successfully
2025-06-03 09:08:54,742 - test_report - INFO - Initializing Operation class
2025-06-03 09:08:54,743 - test_report - INFO - Operation endpoint set to: /operations
2025-06-03 09:08:54,932 - test_report - INFO - Successfully retrieved 1 operations
2025-06-03 09:08:54,933 - test_report - INFO - Initializing JiraReport class
2025-06-03 09:08:54,934 - test_report - INFO - JiraReport initialized successfully
2025-06-03 09:08:54,934 - test_report - INFO - Processing operation: Discovery (ID: 810dd2c1-a039-4b9a-89c4-a0cf676e4281)
2025-06-03 09:08:54,934 - test_report - INFO - Requesting operation report for ID: 810dd2c1-a039-4b9a-89c4-a0cf676e4281
2025-06-03 09:08:55,176 - test_report - INFO - Successfully retrieved report for operation 810dd2c1-a039-4b9a-89c4-a0cf676e4281
2025-06-03 09:08:55,176 - test_report - INFO - Requesting event logs for operation ID: 810dd2c1-a039-4b9a-89c4-a0cf676e4281
2025-06-03 09:08:55,337 - test_report - INFO - Successfully retrieved event logs for operation 810dd2c1-a039-4b9a-89c4-a0cf676e4281
2025-06-03 09:08:55,337 - test_report - INFO - Setting new report data
2025-06-03 09:08:55,338 - test_report - INFO - Report data updated successfully
2025-06-03 09:08:55,338 - test_report - INFO - Setting new event logs
2025-06-03 09:08:55,338 - test_report - INFO - Event logs updated successfully
2025-06-03 09:08:55,339 - test_report - INFO - Extracting relevant data from report
2025-06-03 09:08:55,339 - test_report - INFO - Setting status of the step
2025-06-03 09:08:55,340 - test_report - INFO - Ability c0da588f-79f0-4263-8998-7496b1a40596 is in whitelist for group red
2025-06-03 09:08:55,340 - test_report - INFO - Setting status of the step
2025-06-03 09:08:55,341 - test_report - INFO - Data extraction completed successfully
2025-06-03 09:08:55,341 - test_report - INFO - Operation group: red
2025-06-03 09:08:55,341 - test_report - INFO - Starting tickets creation
2025-06-03 09:08:55,342 - test_report - INFO - Starting ticket creation for title: TFG Gari-Pruebas-Vulnerabilidad Find local users encontrada en red
2025-06-03 09:08:55,342 - test_report - INFO - Creating Jira ticket with title: TFG Gari-Pruebas-Vulnerabilidad Find local users encontrada en red
2025-06-03 09:08:56,327 - test_report - INFO - Jira ticket created successfully: WODNLGSEC-38107
2025-06-03 09:08:56,336 - test_report - INFO - Ticket creation process completed
2025-06-03 09:08:56,420 - test_report - INFO - Creating new page with title: Caldera Report red - Discovery - 03-06-2025
2025-06-03 09:08:56,997 - test_report - INFO - Page 'Caldera Report red - Discovery - 03-06-2025' created successfully
2025-06-03 09:08:57,699 - test_report - INFO - Confluence page created for operation Discovery
2025-06-03 09:08:57,699 - test_report - INFO - Starting to delete operation Discovery (ID: 810dd2c1-a039-4b9a-89c4-a0cf676e4281)
2025-06-03 09:08:57,819 - test_report - INFO - Successfully deleted operation 810dd2c1-a039-4b9a-89c4-a0cf676e4281
2025-06-03 09:08:57,820 - test_report - INFO - Operation Discovery (ID: 810dd2c1-a039-4b9a-89c4-a0cf676e4281) deleted successfully in Caldera
2025-06-03 09:08:57,820 - test_report - INFO - Test report execution completed successfully
