2025-06-01 18:36:26,633 - test_report - INFO - Starting test report execution
2025-06-01 18:36:26,633 - test_report - INFO - Initializing WhiteList class
2025-06-01 18:36:26,633 - test_report - INFO - WhiteList initialized successfully
2025-06-01 18:36:26,633 - test_report - INFO - Initializing report creation
2025-06-01 18:36:26,633 - test_report - INFO - Starting whitelist download process
2025-06-01 18:36:26,633 - test_report - INFO - Starting whitelist repository download
2025-06-01 18:36:27,292 - test_report - INFO - Whitelist repository downloaded successfully to whitelist_repo.zip
2025-06-01 18:36:27,323 - test_report - INFO - Extracting whitelist repository to repository
2025-06-01 18:36:27,328 - test_report - INFO - Whitelist repository extracted successfully
2025-06-01 18:36:27,328 - test_report - INFO - Whitelist download process completed successfully
2025-06-01 18:36:27,329 - test_report - INFO - Whitelists downloaded successfully
2025-06-01 18:36:27,329 - test_report - INFO - Initializing CreateReport class
2025-06-01 18:36:27,330 - test_report - INFO - Initializing WhiteList class
2025-06-01 18:36:27,332 - test_report - INFO - WhiteList initialized successfully
2025-06-01 18:36:27,332 - test_report - INFO - CreateReport initialized successfully
2025-06-01 18:36:27,333 - test_report - INFO - Initializing CreatePage class
2025-06-01 18:36:27,333 - test_report - INFO - CreatePage initialized successfully
2025-06-01 18:36:27,333 - test_report - INFO - Initializing Operation class
2025-06-01 18:36:27,334 - test_report - INFO - Operation endpoint set to: /operations
2025-06-01 18:36:27,472 - test_report - INFO - Successfully retrieved 0 operations
2025-06-01 18:36:27,473 - test_report - INFO - Initializing JiraReport class
2025-06-01 18:36:27,474 - test_report - INFO - JiraReport initialized successfully
2025-06-01 18:36:27,474 - test_report - INFO - Test report execution completed successfully
